<?xml version="1.0" encoding="UTF-8"?>
<testsuite xmlns:xsi="http://www.w3.org/2001/XMLSchema-instance" xsi:noNamespaceSchemaLocation="https://maven.apache.org/surefire/maven-surefire-plugin/xsd/surefire-test-report-3.0.xsd" version="3.0" name="com.api.automation.getrequest.queryparameters.TestQueryParametersRunner" time="1.021" tests="2" errors="0" skipped="0" failures="0">
  <properties>
[...]
</properties>
  <testcase name="[1:8] To get the data using Query Parameter" classname="com/api/automation/getrequest/queryparameters/queryparameters" time="0.083">
    <system-out><![CDATA[15:35:34.280 [main] DEBUG com.intuit.karate.Suite - [config] classpath:karate-config.js
15:35:34.286 [main] INFO  com.intuit.karate - karate.env system property was: null 
15:35:34.287 [main] WARN  com.intuit.karate - did not evaluate to map page = '2': [type: STRING, value: 2]
15:35:34.290 [main] DEBUG com.intuit.karate - request:
1 > GET https://reqres.in/api/users
1 > Accept: application/json
1 > Host: reqres.in
1 > Connection: Keep-Alive
1 > User-Agent: Apache-HttpClient/4.5.14 (Java/17.0.2)
1 > Accept-Encoding: gzip,deflate


15:35:34.357 [main] DEBUG com.intuit.karate - response time in milliseconds: 66
1 < 200
1 < Date: Thu, 28 Mar 2024 10:05:35 GMT
1 < Content-Type: application/json; charset=utf-8
1 < Transfer-Encoding: chunked
1 < Connection: keep-alive
1 < Report-To: {"group":"heroku-nel","max_age":3600,"endpoints":[{"url":"https://nel.heroku.com/reports?ts=1711410514&sid=c4c9725f-1ab0-44d8-820f-430df2718e11&s=Zw0hPFDQ92HzP%2Fh%2BupLEOpHrChmXQM4Ar8IL%2FjSfnWQ%3D"}]}
1 < Reporting-Endpoints: heroku-nel=https://nel.heroku.com/reports?ts=1711410514&sid=c4c9725f-1ab0-44d8-820f-430df2718e11&s=Zw0hPFDQ92HzP%2Fh%2BupLEOpHrChmXQM4Ar8IL%2FjSfnWQ%3D
1 < Nel: {"report_to":"heroku-nel","max_age":3600,"success_fraction":0.005,"failure_fraction":0.05,"response_headers":["Via"]}
1 < X-Powered-By: Express
1 < Access-Control-Allow-Origin: *
1 < Etag: W/"3e4-2RLXvr5wTg9YQ6aH95CkYoFNuO8"
1 < Via: 1.1 vegur
1 < Cache-Control: max-age=14400
1 < CF-Cache-Status: HIT
1 < Age: 7194
1 < Vary: Accept-Encoding
1 < Server: cloudflare
1 < CF-RAY: 86b6cd76b93d47de-BOM
{"page":1,"per_page":6,"total":12,"total_pages":2,"data":[{"id":1,"email":"george.bluth@reqres.in","first_name":"George","last_name":"Bluth","avatar":"https://reqres.in/img/faces/1-image.jpg"},{"id":2,"email":"janet.weaver@reqres.in","first_name":"Janet","last_name":"Weaver","avatar":"https://reqres.in/img/faces/2-image.jpg"},{"id":3,"email":"emma.wong@reqres.in","first_name":"Emma","last_name":"Wong","avatar":"https://reqres.in/img/faces/3-image.jpg"},{"id":4,"email":"eve.holt@reqres.in","first_name":"Eve","last_name":"Holt","avatar":"https://reqres.in/img/faces/4-image.jpg"},{"id":5,"email":"charles.morris@reqres.in","first_name":"Charles","last_name":"Morris","avatar":"https://reqres.in/img/faces/5-image.jpg"},{"id":6,"email":"tracey.ramos@reqres.in","first_name":"Tracey","last_name":"Ramos","avatar":"https://reqres.in/img/faces/6-image.jpg"}],"support":{"url":"https://reqres.in/#support-heading","text":"To keep ReqRes free, contributions towards server costs are appreciated!"}}

]]></system-out>
  </testcase>
  <testcase name="[2:18] To get the data using Query Parameter with JobId not in the application" classname="com/api/automation/getrequest/queryparameters/queryparameters" time="0.93">
    <system-out><![CDATA[15:35:34.370 [main] INFO  com.intuit.karate - karate.env system property was: null 
15:35:34.377 [main] DEBUG com.intuit.karate - request:
1 > POST https://reqres.in/api/users
1 > Accept: application/json
1 > Content-Type: application/json; charset=UTF-8
1 > Content-Length: 30
1 > Host: reqres.in
1 > Connection: Keep-Alive
1 > User-Agent: Apache-HttpClient/4.5.14 (Java/17.0.2)
1 > Accept-Encoding: gzip,deflate
{"name":"mark","job":"leader"}

15:35:34.944 [main] DEBUG com.intuit.karate - response time in milliseconds: 565
1 < 201
1 < Date: Thu, 28 Mar 2024 10:05:35 GMT
1 < Content-Type: application/json; charset=utf-8
1 < Content-Length: 80
1 < Connection: keep-alive
1 < Report-To: {"group":"heroku-nel","max_age":3600,"endpoints":[{"url":"https://nel.heroku.com/reports?ts=1711620335&sid=c4c9725f-1ab0-44d8-820f-430df2718e11&s=1wosdRQoRWV38%2Bw9j4ri5MkgG9YinuNkDUVNrEyWlSY%3D"}]}
1 < Reporting-Endpoints: heroku-nel=https://nel.heroku.com/reports?ts=1711620335&sid=c4c9725f-1ab0-44d8-820f-430df2718e11&s=1wosdRQoRWV38%2Bw9j4ri5MkgG9YinuNkDUVNrEyWlSY%3D
1 < Nel: {"report_to":"heroku-nel","max_age":3600,"success_fraction":0.005,"failure_fraction":0.05,"response_headers":["Via"]}
1 < X-Powered-By: Express
1 < Access-Control-Allow-Origin: *
1 < Etag: W/"50-t+gcNa9HT+ddytXEnr0hplfAzg4"
1 < Via: 1.1 vegur
1 < CF-Cache-Status: DYNAMIC
1 < Server: cloudflare
1 < CF-RAY: 86b6cd773b9d45a3-BOM
{"name":"mark","job":"leader","id":"742","createdAt":"2024-03-28T10:05:35.669Z"}

15:35:34.948 [main] WARN  com.intuit.karate - did not evaluate to map page = '1': [type: STRING, value: 1]
15:35:34.949 [main] DEBUG com.intuit.karate - request:
1 > GET https://reqres.in/api/users
1 > Accept: application/json
1 > Host: reqres.in
1 > Connection: Keep-Alive
1 > User-Agent: Apache-HttpClient/4.5.14 (Java/17.0.2)
1 > Accept-Encoding: gzip,deflate


15:35:35.222 [main] DEBUG com.intuit.karate - response time in milliseconds: 272
1 < 200
1 < Date: Thu, 28 Mar 2024 10:05:35 GMT
1 < Content-Type: application/json; charset=utf-8
1 < Transfer-Encoding: chunked
1 < Connection: keep-alive
1 < Report-To: {"group":"heroku-nel","max_age":3600,"endpoints":[{"url":"https://nel.heroku.com/reports?ts=1710951996&sid=c4c9725f-1ab0-44d8-820f-430df2718e11&s=XI1%2FNkfc5mqicXCSvIU2a0naZIFhJb8gC8sPWGDLGiY%3D"}]}
1 < Reporting-Endpoints: heroku-nel=https://nel.heroku.com/reports?ts=1710951996&sid=c4c9725f-1ab0-44d8-820f-430df2718e11&s=XI1%2FNkfc5mqicXCSvIU2a0naZIFhJb8gC8sPWGDLGiY%3D
1 < Nel: {"report_to":"heroku-nel","max_age":3600,"success_fraction":0.005,"failure_fraction":0.05,"response_headers":["Via"]}
1 < X-Powered-By: Express
1 < Access-Control-Allow-Origin: *
1 < Etag: W/"3e4-2RLXvr5wTg9YQ6aH95CkYoFNuO8"
1 < Via: 1.1 vegur
1 < Cache-Control: max-age=14400
1 < CF-Cache-Status: HIT
1 < Age: 1414
1 < Vary: Accept-Encoding
1 < Server: cloudflare
1 < CF-RAY: 86b6cd7bbb005460-DEL
{"page":1,"per_page":6,"total":12,"total_pages":2,"data":[{"id":1,"email":"george.bluth@reqres.in","first_name":"George","last_name":"Bluth","avatar":"https://reqres.in/img/faces/1-image.jpg"},{"id":2,"email":"janet.weaver@reqres.in","first_name":"Janet","last_name":"Weaver","avatar":"https://reqres.in/img/faces/2-image.jpg"},{"id":3,"email":"emma.wong@reqres.in","first_name":"Emma","last_name":"Wong","avatar":"https://reqres.in/img/faces/3-image.jpg"},{"id":4,"email":"eve.holt@reqres.in","first_name":"Eve","last_name":"Holt","avatar":"https://reqres.in/img/faces/4-image.jpg"},{"id":5,"email":"charles.morris@reqres.in","first_name":"Charles","last_name":"Morris","avatar":"https://reqres.in/img/faces/5-image.jpg"},{"id":6,"email":"tracey.ramos@reqres.in","first_name":"Tracey","last_name":"Ramos","avatar":"https://reqres.in/img/faces/6-image.jpg"}],"support":{"url":"https://reqres.in/#support-heading","text":"To keep ReqRes free, contributions towards server costs are appreciated!"}}

15:35:35.224 [main] INFO  com.intuit.karate - [print] {
  "responseHeaders": {
    "Date": [
      "Thu, 28 Mar 2024 10:05:35 GMT"
    ],
    "Content-Type": [
      "application/json; charset=utf-8"
    ],
    "Content-Length": [
      "80"
    ],
    "Connection": [
      "keep-alive"
    ],
    "Report-To": [
      "{\"group\":\"heroku-nel\",\"max_age\":3600,\"endpoints\":[{\"url\":\"https://nel.heroku.com/reports?ts=1711620335&sid=c4c9725f-1ab0-44d8-820f-430df2718e11&s=1wosdRQoRWV38%2Bw9j4ri5MkgG9YinuNkDUVNrEyWlSY%3D\"}]}"
    ],
    "Reporting-Endpoints": [
      "heroku-nel=https://nel.heroku.com/reports?ts=1711620335&sid=c4c9725f-1ab0-44d8-820f-430df2718e11&s=1wosdRQoRWV38%2Bw9j4ri5MkgG9YinuNkDUVNrEyWlSY%3D"
    ],
    "Nel": [
      "{\"report_to\":\"heroku-nel\",\"max_age\":3600,\"success_fraction\":0.005,\"failure_fraction\":0.05,\"response_headers\":[\"Via\"]}"
    ],
    "X-Powered-By": [
      "Express"
    ],
    "Access-Control-Allow-Origin": [
      "*"
    ],
    "Etag": [
      "W/\"50-t+gcNa9HT+ddytXEnr0hplfAzg4\""
    ],
    "Via": [
      "1.1 vegur"
    ],
    "CF-Cache-Status": [
      "DYNAMIC"
    ],
    "Server": [
      "cloudflare"
    ],
    "CF-RAY": [
      "86b6cd773b9d45a3-BOM"
    ],
    "Set-Cookie": [
    ]
  },
  "responseTime": 565,
  "response": {
    "name": "mark",
    "job": "leader",
    "id": "742",
    "createdAt": "2024-03-28T10:05:35.669Z"
  },
  "_path": "/api/users",
  "_url": "https://reqres.in",
  "responseStatus": 201,
  "_request": "{\"name\": \"mark\", \"job\": \"leader\" }"
}
 
---------------------------------------------------------
feature: classpath:com/api/automation/getrequest/queryparameters/queryparameters.feature
scenarios:  2 | passed:  2 | failed:  0 | time: 0.9302
---------------------------------------------------------

Karate version: 1.4.1
======================================================
elapsed:   0.99 | threads:    1 | thread time: 0.93 
features:     1 | skipped:    0 | efficiency: 0.94
scenarios:    2 | passed:     2 | failed: 0
======================================================

HTML report: (paste into browser to view) | Karate version: 1.4.1
file:///C:/Users/hemlata.sahu/eclipse-workspace/karateframework/target/karate-reports/karate-summary.html
===================================================================

]]></system-out>
  </testcase>
</testsuite>