<?xml version="1.0" encoding="UTF-8"?>
<testsuite xmlns:xsi="http://www.w3.org/2001/XMLSchema-instance" xsi:noNamespaceSchemaLocation="https://maven.apache.org/surefire/maven-surefire-plugin/xsd/surefire-test-report-3.0.xsd" version="3.0" name="com.api.automation.deleterequest.TestDeleteRequestRunner" time="6.678" tests="3" errors="0" skipped="0" failures="1">
  <properties>
[...]
</properties>
  <testcase name="[1:9] To delete the job entry from application using job id" classname="com/api/automation/deleterequest/deleteUser" time="3.006">
    <system-out><![CDATA[15:35:28.369 [main] DEBUG com.intuit.karate.Suite - [config] classpath:karate-config.js
15:35:29.084 [main] INFO  com.intuit.karate - karate.env system property was: null 
15:35:29.372 [main] DEBUG com.intuit.karate - request:
1 > POST https://reqres.in/api/users
1 > Accept: application/json
1 > Content-Type: application/json; charset=UTF-8
1 > Content-Length: 30
1 > Host: reqres.in
1 > Connection: Keep-Alive
1 > User-Agent: Apache-HttpClient/4.5.14 (Java/17.0.2)
1 > Accept-Encoding: gzip,deflate
{"name":"mark","job":"leader"}

15:35:30.331 [main] DEBUG com.intuit.karate - response time in milliseconds: 957
1 < 201
1 < Date: Thu, 28 Mar 2024 10:05:31 GMT
1 < Content-Type: application/json; charset=utf-8
1 < Content-Length: 80
1 < Connection: keep-alive
1 < Report-To: {"group":"heroku-nel","max_age":3600,"endpoints":[{"url":"https://nel.heroku.com/reports?ts=1711620330&sid=c4c9725f-1ab0-44d8-820f-430df2718e11&s=spHugsUdogbWy9wNyVLqlfgcvXAXDygnuZ%2Bjw8BL57U%3D"}]}
1 < Reporting-Endpoints: heroku-nel=https://nel.heroku.com/reports?ts=1711620330&sid=c4c9725f-1ab0-44d8-820f-430df2718e11&s=spHugsUdogbWy9wNyVLqlfgcvXAXDygnuZ%2Bjw8BL57U%3D
1 < Nel: {"report_to":"heroku-nel","max_age":3600,"success_fraction":0.005,"failure_fraction":0.05,"response_headers":["Via"]}
1 < X-Powered-By: Express
1 < Access-Control-Allow-Origin: *
1 < Etag: W/"50-cFIPCvhaaI+kgFTDhKANz4mZvAQ"
1 < Via: 1.1 vegur
1 < CF-Cache-Status: DYNAMIC
1 < Server: cloudflare
1 < CF-RAY: 86b6cd5b1872550d-DEL
{"name":"mark","job":"leader","id":"790","createdAt":"2024-03-28T10:05:31.004Z"}

15:35:30.348 [main] DEBUG com.intuit.karate - request:
1 > DELETE https://reqres.in/api/users/null
1 > Accept: application/json
1 > Host: reqres.in
1 > Connection: Keep-Alive
1 > User-Agent: Apache-HttpClient/4.5.14 (Java/17.0.2)
1 > Accept-Encoding: gzip,deflate


15:35:30.939 [main] DEBUG com.intuit.karate - response time in milliseconds: 590
1 < 204
1 < Date: Thu, 28 Mar 2024 10:05:31 GMT
1 < Content-Length: 0
1 < Connection: keep-alive
1 < Report-To: {"group":"heroku-nel","max_age":3600,"endpoints":[{"url":"https://nel.heroku.com/reports?ts=1711620331&sid=c4c9725f-1ab0-44d8-820f-430df2718e11&s=8ZzUdzQBvSyfUJ41Vtf%2BGBOtrdFpBJHgCNna1j%2BUuZk%3D"}]}
1 < Reporting-Endpoints: heroku-nel=https://nel.heroku.com/reports?ts=1711620331&sid=c4c9725f-1ab0-44d8-820f-430df2718e11&s=8ZzUdzQBvSyfUJ41Vtf%2BGBOtrdFpBJHgCNna1j%2BUuZk%3D
1 < Nel: {"report_to":"heroku-nel","max_age":3600,"success_fraction":0.005,"failure_fraction":0.05,"response_headers":["Via"]}
1 < X-Powered-By: Express
1 < Access-Control-Allow-Origin: *
1 < Etag: W/"2-vyGp6PvFo4RvsFtPoIWeCReyIC8"
1 < Via: 1.1 vegur
1 < CF-Cache-Status: DYNAMIC
1 < Server: cloudflare
1 < CF-RAY: 86b6cd5e6fbf54f8-DEL


15:35:30.943 [main] INFO  com.intuit.karate - [print] null 
15:35:30.944 [main] DEBUG com.intuit.karate - request:
2 > GET https://reqres.in/api/users/null
2 > Accept: application/json
2 > Host: reqres.in
2 > Connection: Keep-Alive
2 > User-Agent: Apache-HttpClient/4.5.14 (Java/17.0.2)
2 > Accept-Encoding: gzip,deflate


15:35:31.402 [main] DEBUG com.intuit.karate - response time in milliseconds: 454
2 < 404
2 < Date: Thu, 28 Mar 2024 10:05:32 GMT
2 < Content-Type: application/json; charset=utf-8
2 < Content-Length: 2
2 < Connection: keep-alive
2 < Report-To: {"group":"heroku-nel","max_age":3600,"endpoints":[{"url":"https://nel.heroku.com/reports?ts=1711620332&sid=c4c9725f-1ab0-44d8-820f-430df2718e11&s=U7a2lDB%2BXaAwDQsTU4adgDtzpKUBa2%2Foss5810RuakU%3D"}]}
2 < Reporting-Endpoints: heroku-nel=https://nel.heroku.com/reports?ts=1711620332&sid=c4c9725f-1ab0-44d8-820f-430df2718e11&s=U7a2lDB%2BXaAwDQsTU4adgDtzpKUBa2%2Foss5810RuakU%3D
2 < Nel: {"report_to":"heroku-nel","max_age":3600,"success_fraction":0.005,"failure_fraction":0.05,"response_headers":["Via"]}
2 < X-Powered-By: Express
2 < Access-Control-Allow-Origin: *
2 < Etag: W/"2-vyGp6PvFo4RvsFtPoIWeCReyIC8"
2 < Via: 1.1 vegur
2 < Cache-Control: max-age=14400
2 < CF-Cache-Status: EXPIRED
2 < Vary: Accept-Encoding
2 < Server: cloudflare
2 < CF-RAY: 86b6cd62182f54c5-DEL
{}

]]></system-out>
  </testcase>
  <testcase name="[2:29] To delete the job entry from application using job id and delete the job entry twice  --- It should fail" classname="com/api/automation/deleterequest/deleteUser" time="1.254">
    <failure message="status code was: 204, expected: 404, response time in milliseconds: 488, url: https://reqres.in/api/users/null, response: &#10;&#10;classpath:com/api/automation/deleterequest/deleteUser.feature:45" type="org.opentest4j.AssertionFailedError"><![CDATA[org.opentest4j.AssertionFailedError: 
status code was: 204, expected: 404, response time in milliseconds: 488, url: https://reqres.in/api/users/null, response: 

classpath:com/api/automation/deleterequest/deleteUser.feature:45
	at org.junit.jupiter.api.AssertionUtils.fail(AssertionUtils.java:38)
	at org.junit.jupiter.api.Assertions.fail(Assertions.java:135)
	at com.intuit.karate.junit5.FeatureNode.lambda$next$1(FeatureNode.java:86)
	at org.junit.jupiter.engine.descriptor.DynamicTestTestDescriptor.lambda$execute$0(DynamicTestTestDescriptor.java:53)
	at org.junit.jupiter.engine.execution.InvocationInterceptorChain$ValidatingInvocation.proceed(InvocationInterceptorChain.java:131)
	at org.junit.jupiter.api.extension.InvocationInterceptor.interceptDynamicTest(InvocationInterceptor.java:167)
	at org.junit.jupiter.api.extension.InvocationInterceptor.interceptDynamicTest(InvocationInterceptor.java:184)
	at org.junit.jupiter.engine.descriptor.DynamicTestTestDescriptor.lambda$execute$1(DynamicTestTestDescriptor.java:61)
	at org.junit.jupiter.engine.execution.InvocationInterceptorChain$InterceptorCall.lambda$ofVoid$0(InvocationInterceptorChain.java:78)
	at org.junit.jupiter.engine.execution.InvocationInterceptorChain$InterceptedInvocation.proceed(InvocationInterceptorChain.java:106)
	at org.junit.jupiter.engine.execution.InvocationInterceptorChain.proceed(InvocationInterceptorChain.java:64)
	at org.junit.jupiter.engine.execution.InvocationInterceptorChain.chainAndInvoke(InvocationInterceptorChain.java:45)
	at org.junit.jupiter.engine.execution.InvocationInterceptorChain.invoke(InvocationInterceptorChain.java:37)
	at org.junit.jupiter.engine.descriptor.DynamicTestTestDescriptor.execute(DynamicTestTestDescriptor.java:60)
	at org.junit.jupiter.engine.descriptor.DynamicTestTestDescriptor.execute(DynamicTestTestDescriptor.java:32)
	at org.junit.platform.engine.support.hierarchical.NodeTestTask.lambda$executeRecursively$6(NodeTestTask.java:151)
	at org.junit.platform.engine.support.hierarchical.ThrowableCollector.execute(ThrowableCollector.java:73)
	at org.junit.platform.engine.support.hierarchical.NodeTestTask.lambda$executeRecursively$8(NodeTestTask.java:141)
	at org.junit.platform.engine.support.hierarchical.Node.around(Node.java:137)
	at org.junit.platform.engine.support.hierarchical.NodeTestTask.lambda$executeRecursively$9(NodeTestTask.java:139)
	at org.junit.platform.engine.support.hierarchical.ThrowableCollector.execute(ThrowableCollector.java:73)
	at org.junit.platform.engine.support.hierarchical.NodeTestTask.executeRecursively(NodeTestTask.java:138)
	at org.junit.platform.engine.support.hierarchical.NodeTestTask.execute(NodeTestTask.java:95)
	at org.junit.platform.engine.support.hierarchical.SameThreadHierarchicalTestExecutorService.submit(SameThreadHierarchicalTestExecutorService.java:35)
	at org.junit.platform.engine.support.hierarchical.NodeTestTask$DefaultDynamicTestExecutor.execute(NodeTestTask.java:226)
	at org.junit.platform.engine.support.hierarchical.NodeTestTask$DefaultDynamicTestExecutor.execute(NodeTestTask.java:204)
	at java.base/java.util.stream.ForEachOps$ForEachOp$OfRef.accept(ForEachOps.java:183)
	at java.base/java.util.stream.ReferencePipeline$3$1.accept(ReferencePipeline.java:197)
	at java.base/java.util.stream.ReferencePipeline$2$1.accept(ReferencePipeline.java:179)
	at java.base/java.util.stream.ReferencePipeline$3$1.accept(ReferencePipeline.java:197)
	at java.base/java.util.Iterator.forEachRemaining(Iterator.java:133)
	at java.base/java.util.Spliterators$IteratorSpliterator.forEachRemaining(Spliterators.java:1845)
	at java.base/java.util.stream.AbstractPipeline.copyInto(AbstractPipeline.java:509)
	at java.base/java.util.stream.AbstractPipeline.wrapAndCopyInto(AbstractPipeline.java:499)
	at java.base/java.util.stream.ForEachOps$ForEachOp.evaluateSequential(ForEachOps.java:150)
	at java.base/java.util.stream.ForEachOps$ForEachOp$OfRef.evaluateSequential(ForEachOps.java:173)
	at java.base/java.util.stream.AbstractPipeline.evaluate(AbstractPipeline.java:234)
	at java.base/java.util.stream.ReferencePipeline.forEachOrdered(ReferencePipeline.java:601)
	at org.junit.jupiter.engine.descriptor.DynamicContainerTestDescriptor.execute(DynamicContainerTestDescriptor.java:67)
	at org.junit.jupiter.engine.descriptor.DynamicContainerTestDescriptor.execute(DynamicContainerTestDescriptor.java:33)
	at org.junit.platform.engine.support.hierarchical.NodeTestTask.lambda$executeRecursively$6(NodeTestTask.java:151)
	at org.junit.platform.engine.support.hierarchical.ThrowableCollector.execute(ThrowableCollector.java:73)
	at org.junit.platform.engine.support.hierarchical.NodeTestTask.lambda$executeRecursively$8(NodeTestTask.java:141)
	at org.junit.platform.engine.support.hierarchical.Node.around(Node.java:137)
	at org.junit.platform.engine.support.hierarchical.NodeTestTask.lambda$executeRecursively$9(NodeTestTask.java:139)
	at org.junit.platform.engine.support.hierarchical.ThrowableCollector.execute(ThrowableCollector.java:73)
	at org.junit.platform.engine.support.hierarchical.NodeTestTask.executeRecursively(NodeTestTask.java:138)
	at org.junit.platform.engine.support.hierarchical.NodeTestTask.execute(NodeTestTask.java:95)
	at org.junit.platform.engine.support.hierarchical.SameThreadHierarchicalTestExecutorService.submit(SameThreadHierarchicalTestExecutorService.java:35)
	at org.junit.platform.engine.support.hierarchical.NodeTestTask$DefaultDynamicTestExecutor.execute(NodeTestTask.java:226)
	at org.junit.platform.engine.support.hierarchical.NodeTestTask$DefaultDynamicTestExecutor.execute(NodeTestTask.java:204)
	at java.base/java.util.Optional.ifPresent(Optional.java:178)
	at org.junit.jupiter.engine.descriptor.TestFactoryTestDescriptor.lambda$invokeTestMethod$1(TestFactoryTestDescriptor.java:108)
	at org.junit.platform.engine.support.hierarchical.ThrowableCollector.execute(ThrowableCollector.java:73)
	at org.junit.jupiter.engine.descriptor.TestFactoryTestDescriptor.invokeTestMethod(TestFactoryTestDescriptor.java:95)
	at org.junit.jupiter.engine.descriptor.TestMethodTestDescriptor.execute(TestMethodTestDescriptor.java:138)
	at org.junit.jupiter.engine.descriptor.TestMethodTestDescriptor.execute(TestMethodTestDescriptor.java:68)
	at org.junit.platform.engine.support.hierarchical.NodeTestTask.lambda$executeRecursively$6(NodeTestTask.java:151)
	at org.junit.platform.engine.support.hierarchical.ThrowableCollector.execute(ThrowableCollector.java:73)
	at org.junit.platform.engine.support.hierarchical.NodeTestTask.lambda$executeRecursively$8(NodeTestTask.java:141)
	at org.junit.platform.engine.support.hierarchical.Node.around(Node.java:137)
	at org.junit.platform.engine.support.hierarchical.NodeTestTask.lambda$executeRecursively$9(NodeTestTask.java:139)
	at org.junit.platform.engine.support.hierarchical.ThrowableCollector.execute(ThrowableCollector.java:73)
	at org.junit.platform.engine.support.hierarchical.NodeTestTask.executeRecursively(NodeTestTask.java:138)
	at org.junit.platform.engine.support.hierarchical.NodeTestTask.execute(NodeTestTask.java:95)
	at java.base/java.util.ArrayList.forEach(ArrayList.java:1511)
	at org.junit.platform.engine.support.hierarchical.SameThreadHierarchicalTestExecutorService.invokeAll(SameThreadHierarchicalTestExecutorService.java:41)
	at org.junit.platform.engine.support.hierarchical.NodeTestTask.lambda$executeRecursively$6(NodeTestTask.java:155)
	at org.junit.platform.engine.support.hierarchical.ThrowableCollector.execute(ThrowableCollector.java:73)
	at org.junit.platform.engine.support.hierarchical.NodeTestTask.lambda$executeRecursively$8(NodeTestTask.java:141)
	at org.junit.platform.engine.support.hierarchical.Node.around(Node.java:137)
	at org.junit.platform.engine.support.hierarchical.NodeTestTask.lambda$executeRecursively$9(NodeTestTask.java:139)
	at org.junit.platform.engine.support.hierarchical.ThrowableCollector.execute(ThrowableCollector.java:73)
	at org.junit.platform.engine.support.hierarchical.NodeTestTask.executeRecursively(NodeTestTask.java:138)
	at org.junit.platform.engine.support.hierarchical.NodeTestTask.execute(NodeTestTask.java:95)
	at java.base/java.util.ArrayList.forEach(ArrayList.java:1511)
	at org.junit.platform.engine.support.hierarchical.SameThreadHierarchicalTestExecutorService.invokeAll(SameThreadHierarchicalTestExecutorService.java:41)
	at org.junit.platform.engine.support.hierarchical.NodeTestTask.lambda$executeRecursively$6(NodeTestTask.java:155)
	at org.junit.platform.engine.support.hierarchical.ThrowableCollector.execute(ThrowableCollector.java:73)
	at org.junit.platform.engine.support.hierarchical.NodeTestTask.lambda$executeRecursively$8(NodeTestTask.java:141)
	at org.junit.platform.engine.support.hierarchical.Node.around(Node.java:137)
	at org.junit.platform.engine.support.hierarchical.NodeTestTask.lambda$executeRecursively$9(NodeTestTask.java:139)
	at org.junit.platform.engine.support.hierarchical.ThrowableCollector.execute(ThrowableCollector.java:73)
	at org.junit.platform.engine.support.hierarchical.NodeTestTask.executeRecursively(NodeTestTask.java:138)
	at org.junit.platform.engine.support.hierarchical.NodeTestTask.execute(NodeTestTask.java:95)
	at org.junit.platform.engine.support.hierarchical.SameThreadHierarchicalTestExecutorService.submit(SameThreadHierarchicalTestExecutorService.java:35)
	at org.junit.platform.engine.support.hierarchical.HierarchicalTestExecutor.execute(HierarchicalTestExecutor.java:57)
	at org.junit.platform.engine.support.hierarchical.HierarchicalTestEngine.execute(HierarchicalTestEngine.java:54)
	at org.junit.platform.launcher.core.EngineExecutionOrchestrator.execute(EngineExecutionOrchestrator.java:147)
	at org.junit.platform.launcher.core.EngineExecutionOrchestrator.execute(EngineExecutionOrchestrator.java:127)
	at org.junit.platform.launcher.core.EngineExecutionOrchestrator.execute(EngineExecutionOrchestrator.java:90)
	at org.junit.platform.launcher.core.EngineExecutionOrchestrator.lambda$execute$0(EngineExecutionOrchestrator.java:55)
	at org.junit.platform.launcher.core.EngineExecutionOrchestrator.withInterceptedStreams(EngineExecutionOrchestrator.java:102)
	at org.junit.platform.launcher.core.EngineExecutionOrchestrator.execute(EngineExecutionOrchestrator.java:54)
	at org.junit.platform.launcher.core.DefaultLauncher.execute(DefaultLauncher.java:114)
	at org.junit.platform.launcher.core.DefaultLauncher.execute(DefaultLauncher.java:86)
	at org.junit.platform.launcher.core.DefaultLauncherSession$DelegatingLauncher.execute(DefaultLauncherSession.java:86)
	at org.apache.maven.surefire.junitplatform.LazyLauncher.execute(LazyLauncher.java:50)
	at org.apache.maven.surefire.junitplatform.JUnitPlatformProvider.execute(JUnitPlatformProvider.java:184)
	at org.apache.maven.surefire.junitplatform.JUnitPlatformProvider.invokeAllTests(JUnitPlatformProvider.java:148)
	at org.apache.maven.surefire.junitplatform.JUnitPlatformProvider.invoke(JUnitPlatformProvider.java:122)
	at org.apache.maven.surefire.booter.ForkedBooter.runSuitesInProcess(ForkedBooter.java:385)
	at org.apache.maven.surefire.booter.ForkedBooter.execute(ForkedBooter.java:162)
	at org.apache.maven.surefire.booter.ForkedBooter.run(ForkedBooter.java:507)
	at org.apache.maven.surefire.booter.ForkedBooter.main(ForkedBooter.java:495)
]]></failure>
    <system-out><![CDATA[15:35:31.415 [main] INFO  com.intuit.karate - karate.env system property was: null 
15:35:31.424 [main] DEBUG com.intuit.karate - request:
1 > POST https://reqres.in/api/users
1 > Accept: application/json
1 > Content-Type: application/json; charset=UTF-8
1 > Content-Length: 30
1 > Host: reqres.in
1 > Connection: Keep-Alive
1 > User-Agent: Apache-HttpClient/4.5.14 (Java/17.0.2)
1 > Accept-Encoding: gzip,deflate
{"name":"mark","job":"leader"}

15:35:31.773 [main] DEBUG com.intuit.karate - response time in milliseconds: 347
1 < 201
1 < Date: Thu, 28 Mar 2024 10:05:32 GMT
1 < Content-Type: application/json; charset=utf-8
1 < Content-Length: 80
1 < Connection: keep-alive
1 < Report-To: {"group":"heroku-nel","max_age":3600,"endpoints":[{"url":"https://nel.heroku.com/reports?ts=1711620332&sid=c4c9725f-1ab0-44d8-820f-430df2718e11&s=U7a2lDB%2BXaAwDQsTU4adgDtzpKUBa2%2Foss5810RuakU%3D"}]}
1 < Reporting-Endpoints: heroku-nel=https://nel.heroku.com/reports?ts=1711620332&sid=c4c9725f-1ab0-44d8-820f-430df2718e11&s=U7a2lDB%2BXaAwDQsTU4adgDtzpKUBa2%2Foss5810RuakU%3D
1 < Nel: {"report_to":"heroku-nel","max_age":3600,"success_fraction":0.005,"failure_fraction":0.05,"response_headers":["Via"]}
1 < X-Powered-By: Express
1 < Access-Control-Allow-Origin: *
1 < Etag: W/"50-AiRBsNVdoDCImQNM2ulp/jXAuKE"
1 < Via: 1.1 vegur
1 < CF-Cache-Status: DYNAMIC
1 < Server: cloudflare
1 < CF-RAY: 86b6cd64ce2b48d7-BOM
{"name":"mark","job":"leader","id":"506","createdAt":"2024-03-28T10:05:32.489Z"}

15:35:31.776 [main] DEBUG com.intuit.karate - request:
1 > DELETE https://reqres.in/api/users/null
1 > Accept: application/json
1 > Host: reqres.in
1 > Connection: Keep-Alive
1 > User-Agent: Apache-HttpClient/4.5.14 (Java/17.0.2)
1 > Accept-Encoding: gzip,deflate


15:35:32.159 [main] DEBUG com.intuit.karate - response time in milliseconds: 381
1 < 204
1 < Date: Thu, 28 Mar 2024 10:05:32 GMT
1 < Content-Length: 0
1 < Connection: keep-alive
1 < Report-To: {"group":"heroku-nel","max_age":3600,"endpoints":[{"url":"https://nel.heroku.com/reports?ts=1711620332&sid=c4c9725f-1ab0-44d8-820f-430df2718e11&s=U7a2lDB%2BXaAwDQsTU4adgDtzpKUBa2%2Foss5810RuakU%3D"}]}
1 < Reporting-Endpoints: heroku-nel=https://nel.heroku.com/reports?ts=1711620332&sid=c4c9725f-1ab0-44d8-820f-430df2718e11&s=U7a2lDB%2BXaAwDQsTU4adgDtzpKUBa2%2Foss5810RuakU%3D
1 < Nel: {"report_to":"heroku-nel","max_age":3600,"success_fraction":0.005,"failure_fraction":0.05,"response_headers":["Via"]}
1 < X-Powered-By: Express
1 < Access-Control-Allow-Origin: *
1 < Etag: W/"2-vyGp6PvFo4RvsFtPoIWeCReyIC8"
1 < Via: 1.1 vegur
1 < CF-Cache-Status: DYNAMIC
1 < Server: cloudflare
1 < CF-RAY: 86b6cd67396d4719-BOM


15:35:32.162 [main] INFO  com.intuit.karate - [print] null 
15:35:32.164 [main] DEBUG com.intuit.karate - request:
2 > DELETE https://reqres.in/api/users/null
2 > Accept: application/json
2 > Host: reqres.in
2 > Connection: Keep-Alive
2 > User-Agent: Apache-HttpClient/4.5.14 (Java/17.0.2)
2 > Accept-Encoding: gzip,deflate


15:35:32.653 [main] DEBUG com.intuit.karate - response time in milliseconds: 488
2 < 204
2 < Date: Thu, 28 Mar 2024 10:05:33 GMT
2 < Content-Length: 0
2 < Connection: keep-alive
2 < Report-To: {"group":"heroku-nel","max_age":3600,"endpoints":[{"url":"https://nel.heroku.com/reports?ts=1711620333&sid=c4c9725f-1ab0-44d8-820f-430df2718e11&s=Day5Zsj3waNAO%2FU%2Fjoe0DVevYiKBJxz3SB%2FpLZFuInQ%3D"}]}
2 < Reporting-Endpoints: heroku-nel=https://nel.heroku.com/reports?ts=1711620333&sid=c4c9725f-1ab0-44d8-820f-430df2718e11&s=Day5Zsj3waNAO%2FU%2Fjoe0DVevYiKBJxz3SB%2FpLZFuInQ%3D
2 < Nel: {"report_to":"heroku-nel","max_age":3600,"success_fraction":0.005,"failure_fraction":0.05,"response_headers":["Via"]}
2 < X-Powered-By: Express
2 < Access-Control-Allow-Origin: *
2 < Etag: W/"2-vyGp6PvFo4RvsFtPoIWeCReyIC8"
2 < Via: 1.1 vegur
2 < CF-Cache-Status: DYNAMIC
2 < Server: cloudflare
2 < CF-RAY: 86b6cd69cce954b9-DEL


15:35:32.659 [main] ERROR com.intuit.karate - classpath:com/api/automation/deleterequest/deleteUser.feature:45
Then status 404
status code was: 204, expected: 404, response time in milliseconds: 488, url: https://reqres.in/api/users/null, response: 

classpath:com/api/automation/deleterequest/deleteUser.feature:45
]]></system-out>
  </testcase>
  <testcase name="[3:48] To demo request chaining" classname="com/api/automation/deleterequest/deleteUser" time="1.599">
    <system-out><![CDATA[15:35:32.671 [main] INFO  com.intuit.karate - karate.env system property was: null 
15:35:32.681 [main] DEBUG com.intuit.karate - request:
1 > POST https://reqres.in/api/users
1 > Accept: application/json
1 > Content-Type: application/json; charset=UTF-8
1 > Content-Length: 30
1 > Host: reqres.in
1 > Connection: Keep-Alive
1 > User-Agent: Apache-HttpClient/4.5.14 (Java/17.0.2)
1 > Accept-Encoding: gzip,deflate
{"name":"mark","job":"leader"}

15:35:33.171 [main] DEBUG com.intuit.karate - response time in milliseconds: 489
1 < 201
1 < Date: Thu, 28 Mar 2024 10:05:33 GMT
1 < Content-Type: application/json; charset=utf-8
1 < Content-Length: 80
1 < Connection: keep-alive
1 < Report-To: {"group":"heroku-nel","max_age":3600,"endpoints":[{"url":"https://nel.heroku.com/reports?ts=1711620333&sid=c4c9725f-1ab0-44d8-820f-430df2718e11&s=Day5Zsj3waNAO%2FU%2Fjoe0DVevYiKBJxz3SB%2FpLZFuInQ%3D"}]}
1 < Reporting-Endpoints: heroku-nel=https://nel.heroku.com/reports?ts=1711620333&sid=c4c9725f-1ab0-44d8-820f-430df2718e11&s=Day5Zsj3waNAO%2FU%2Fjoe0DVevYiKBJxz3SB%2FpLZFuInQ%3D
1 < Nel: {"report_to":"heroku-nel","max_age":3600,"success_fraction":0.005,"failure_fraction":0.05,"response_headers":["Via"]}
1 < X-Powered-By: Express
1 < Access-Control-Allow-Origin: *
1 < Etag: W/"50-J1EArtCEZjb7Tv8rWuk0kD5OekY"
1 < Via: 1.1 vegur
1 < CF-Cache-Status: DYNAMIC
1 < Server: cloudflare
1 < CF-RAY: 86b6cd6cec1354a8-DEL
{"name":"mark","job":"leader","id":"593","createdAt":"2024-03-28T10:05:33.859Z"}

15:35:33.179 [main] DEBUG com.intuit.karate - request:
1 > PATCH https://reqres.in/api/users/null
1 > Accept: application/json
1 > Content-Type: application/json; charset=UTF-8
1 > Content-Length: 29
1 > Host: reqres.in
1 > Connection: Keep-Alive
1 > User-Agent: Apache-HttpClient/4.5.14 (Java/17.0.2)
1 > Accept-Encoding: gzip,deflate
{"name":null,"job":"maneger"}

15:35:33.643 [main] DEBUG com.intuit.karate - response time in milliseconds: 463
1 < 200
1 < Date: Thu, 28 Mar 2024 10:05:34 GMT
1 < Content-Type: application/json; charset=utf-8
1 < Transfer-Encoding: chunked
1 < Connection: keep-alive
1 < Report-To: {"group":"heroku-nel","max_age":3600,"endpoints":[{"url":"https://nel.heroku.com/reports?ts=1711620334&sid=c4c9725f-1ab0-44d8-820f-430df2718e11&s=2hyRLg%2BZY%2F05Y0YKx4YAdcv0PP6DUFebxav5xoRy0ik%3D"}]}
1 < Reporting-Endpoints: heroku-nel=https://nel.heroku.com/reports?ts=1711620334&sid=c4c9725f-1ab0-44d8-820f-430df2718e11&s=2hyRLg%2BZY%2F05Y0YKx4YAdcv0PP6DUFebxav5xoRy0ik%3D
1 < Nel: {"report_to":"heroku-nel","max_age":3600,"success_fraction":0.005,"failure_fraction":0.05,"response_headers":["Via"]}
1 < X-Powered-By: Express
1 < Access-Control-Allow-Origin: *
1 < Etag: W/"44-vK2AfXe+aykrDe2gzfwGowV38s4"
1 < Via: 1.1 vegur
1 < CF-Cache-Status: DYNAMIC
1 < Server: cloudflare
1 < CF-RAY: 86b6cd7008b65484-DEL
{"name":null,"job":"maneger","updatedAt":"2024-03-28T10:05:34.343Z"}

---------------------------------------------------------
feature: classpath:com/api/automation/deleterequest/deleteUser.feature
scenarios:  3 | passed:  2 | failed:  1 | time: 4.5078
---------------------------------------------------------

Karate version: 1.4.1
======================================================
elapsed:   5.85 | threads:    1 | thread time: 4.51 
features:     1 | skipped:    0 | efficiency: 0.77
scenarios:    3 | passed:     2 | failed: 1
======================================================
>>> failed features:
status code was: 204, expected: 404, response time in milliseconds: 488, url: https://reqres.in/api/users/null, response: 

classpath:com/api/automation/deleterequest/deleteUser.feature:45
<<<

HTML report: (paste into browser to view) | Karate version: 1.4.1
file:///C:/Users/hemlata.sahu/eclipse-workspace/karateframework/target/karate-reports/karate-summary.html
===================================================================

]]></system-out>
  </testcase>
</testsuite>