<?xml version="1.0" encoding="UTF-8"?>
<testsuite xmlns:xsi="http://www.w3.org/2001/XMLSchema-instance" xsi:noNamespaceSchemaLocation="https://maven.apache.org/surefire/maven-surefire-plugin/xsd/surefire-test-report-3.0.xsd" version="3.0" name="com.api.automation.postrequest.TestJavaScriptRunner" time="0.057" tests="1" errors="0" skipped="0" failures="0">
  <properties>
[...]
</properties>
  <testcase name="[1:3] Execute java script function with or withput parameter" classname="com/api/automation/postrequest/javaScriptExecuter" time="0.054">
    <system-out><![CDATA[15:35:39.449 [main] DEBUG com.intuit.karate.Suite - [config] classpath:karate-config.js
15:35:39.453 [main] INFO  com.intuit.karate - karate.env system property was: null 
15:35:39.456 [main] INFO  com.intuit.karate - [print] Function value ==> 10 
15:35:39.462 [main] INFO  com.intuit.karate - [print] Function value ==> 51 
15:35:39.463 [main] INFO  com.intuit.karate - [print] Function value ==> Hello World 
---------------------------------------------------------
feature: classpath:com/api/automation/postrequest/javaScriptExecuter.feature
scenarios:  1 | passed:  1 | failed:  0 | time: 0.0099
---------------------------------------------------------

Karate version: 1.4.1
======================================================
elapsed:   0.03 | threads:    1 | thread time: 0.01 
features:     1 | skipped:    0 | efficiency: 0.30
scenarios:    1 | passed:     1 | failed: 0
======================================================

HTML report: (paste into browser to view) | Karate version: 1.4.1
file:///C:/Users/hemlata.sahu/eclipse-workspace/karateframework/target/karate-reports/karate-summary.html
===================================================================

]]></system-out>
  </testcase>
</testsuite>